2021-05-06 17:31:15,295  INFO Microsoft.Hosting.Lifetime.MoveNext [0] - MESSAGE: Now listening on: http://[::]:10808
 2021-05-06 17:31:15,456  INFO Microsoft.Hosting.Lifetime.OnApplicationStarted [0] - MESSAGE: Application started. Press Ctrl+C to shut down.
 2021-05-06 17:31:15,459  INFO Microsoft.Hosting.Lifetime.OnApplicationStarted [0] - MESSAGE: Hosting environment: Development
 2021-05-06 17:31:15,460  INFO Microsoft.Hosting.Lifetime.OnApplicationStarted [0] - MESSAGE: Content root path: F:\LE-workspace\PMPlatform\01Code\0101NET\PM.CloudPlatform.ForkliftManager\src\PM.CloudPlatform.ForkliftManager.Apis
 2021-05-06 17:33:18,710  INFO Microsoft.Hosting.Lifetime.MoveNext [0] - MESSAGE: Now listening on: http://[::]:10808
 2021-05-06 17:33:18,765  INFO Microsoft.Hosting.Lifetime.OnApplicationStarted [0] - MESSAGE: Application started. Press Ctrl+C to shut down.
 2021-05-06 17:33:18,767  INFO Microsoft.Hosting.Lifetime.OnApplicationStarted [0] - MESSAGE: Hosting environment: Development
 2021-05-06 17:33:18,768  INFO Microsoft.Hosting.Lifetime.OnApplicationStarted [0] - MESSAGE: Content root path: F:\LE-workspace\PMPlatform\01Code\0101NET\PM.CloudPlatform.ForkliftManager\src\PM.CloudPlatform.ForkliftManager.Apis
 2021-05-06 17:34:53,609  INFO Microsoft.Hosting.Lifetime.MoveNext [0] - MESSAGE: Now listening on: http://[::]:10808
 2021-05-06 17:34:53,656  INFO Microsoft.Hosting.Lifetime.OnApplicationStarted [0] - MESSAGE: Application started. Press Ctrl+C to shut down.
 2021-05-06 17:34:53,657  INFO Microsoft.Hosting.Lifetime.OnApplicationStarted [0] - MESSAGE: Hosting environment: Development
 2021-05-06 17:34:53,659  INFO Microsoft.Hosting.Lifetime.OnApplicationStarted [0] - MESSAGE: Content root path: F:\LE-workspace\PMPlatform\01Code\0101NET\PM.CloudPlatform.ForkliftManager\src\PM.CloudPlatform.ForkliftManager.Apis
 2021-05-06 17:35:54,816  INFO Microsoft.Hosting.Lifetime.MoveNext [0] - MESSAGE: Now listening on: http://[::]:10808
 2021-05-06 17:35:54,863  INFO Microsoft.Hosting.Lifetime.OnApplicationStarted [0] - MESSAGE: Application started. Press Ctrl+C to shut down.
 2021-05-06 17:35:54,865  INFO Microsoft.Hosting.Lifetime.OnApplicationStarted [0] - MESSAGE: Hosting environment: Development
 2021-05-06 17:35:54,866  INFO Microsoft.Hosting.Lifetime.OnApplicationStarted [0] - MESSAGE: Content root path: F:\LE-workspace\PMPlatform\01Code\0101NET\PM.CloudPlatform.ForkliftManager\src\PM.CloudPlatform.ForkliftManager.Apis
 2021-05-06 17:40:30,895  INFO Microsoft.Hosting.Lifetime.MoveNext [0] - MESSAGE: Now listening on: http://[::]:10808
 2021-05-06 17:40:30,941  INFO Microsoft.Hosting.Lifetime.OnApplicationStarted [0] - MESSAGE: Application started. Press Ctrl+C to shut down.
 2021-05-06 17:40:30,942  INFO Microsoft.Hosting.Lifetime.OnApplicationStarted [0] - MESSAGE: Hosting environment: Development
 2021-05-06 17:40:30,944  INFO Microsoft.Hosting.Lifetime.OnApplicationStarted [0] - MESSAGE: Content root path: F:\LE-workspace\PMPlatform\01Code\0101NET\PM.CloudPlatform.ForkliftManager\src\PM.CloudPlatform.ForkliftManager.Apis
 2021-05-06 17:44:33,998  INFO Microsoft.Hosting.Lifetime.MoveNext [0] - MESSAGE: Now listening on: http://[::]:10808
 2021-05-06 17:44:34,042  INFO Microsoft.Hosting.Lifetime.OnApplicationStarted [0] - MESSAGE: Application started. Press Ctrl+C to shut down.
 2021-05-06 17:44:34,044  INFO Microsoft.Hosting.Lifetime.OnApplicationStarted [0] - MESSAGE: Hosting environment: Development
 2021-05-06 17:44:34,046  INFO Microsoft.Hosting.Lifetime.OnApplicationStarted [0] - MESSAGE: Content root path: F:\LE-workspace\PMPlatform\01Code\0101NET\PM.CloudPlatform.ForkliftManager\src\PM.CloudPlatform.ForkliftManager.Apis
 