2021-05-06 17:49:47,428  INFO Microsoft.Hosting.Lifetime.MoveNext [0] - MESSAGE: Now listening on: http://[::]:10808
 2021-05-06 17:49:47,481  INFO Microsoft.Hosting.Lifetime.OnApplicationStarted [0] - MESSAGE: Application started. Press Ctrl+C to shut down.
 2021-05-06 17:49:47,483  INFO Microsoft.Hosting.Lifetime.OnApplicationStarted [0] - MESSAGE: Hosting environment: Development
 2021-05-06 17:49:47,484  INFO Microsoft.Hosting.Lifetime.OnApplicationStarted [0] - MESSAGE: Content root path: F:\LE-workspace\PMPlatform\01Code\0101NET\PM.CloudPlatform.ForkliftManager\src\PM.CloudPlatform.ForkliftManager.Apis
 2021-05-06 18:07:48,250  INFO Microsoft.Hosting.Lifetime.MoveNext [0] - MESSAGE: Now listening on: http://[::]:10808
 2021-05-06 18:07:48,343  INFO Microsoft.Hosting.Lifetime.OnApplicationStarted [0] - MESSAGE: Application started. Press Ctrl+C to shut down.
 2021-05-06 18:07:48,345  INFO Microsoft.Hosting.Lifetime.OnApplicationStarted [0] - MESSAGE: Hosting environment: Development
 2021-05-06 18:07:48,347  INFO Microsoft.Hosting.Lifetime.OnApplicationStarted [0] - MESSAGE: Content root path: F:\LE-workspace\PMPlatform\01Code\0101NET\PM.CloudPlatform.ForkliftManager\src\PM.CloudPlatform.ForkliftManager.Apis
 2021-05-06 18:09:31,449  INFO Microsoft.Hosting.Lifetime.MoveNext [0] - MESSAGE: Now listening on: http://[::]:10808
 2021-05-06 18:09:31,498  INFO Microsoft.Hosting.Lifetime.OnApplicationStarted [0] - MESSAGE: Application started. Press Ctrl+C to shut down.
 2021-05-06 18:09:31,499  INFO Microsoft.Hosting.Lifetime.OnApplicationStarted [0] - MESSAGE: Hosting environment: Development
 2021-05-06 18:09:31,501  INFO Microsoft.Hosting.Lifetime.OnApplicationStarted [0] - MESSAGE: Content root path: F:\LE-workspace\PMPlatform\01Code\0101NET\PM.CloudPlatform.ForkliftManager\src\PM.CloudPlatform.ForkliftManager.Apis
 2021-05-06 18:10:37,043  INFO Microsoft.Hosting.Lifetime.MoveNext [0] - MESSAGE: Now listening on: http://[::]:10808
 2021-05-06 18:10:37,094  INFO Microsoft.Hosting.Lifetime.OnApplicationStarted [0] - MESSAGE: Application started. Press Ctrl+C to shut down.
 2021-05-06 18:10:37,097  INFO Microsoft.Hosting.Lifetime.OnApplicationStarted [0] - MESSAGE: Hosting environment: Development
 2021-05-06 18:10:37,100  INFO Microsoft.Hosting.Lifetime.OnApplicationStarted [0] - MESSAGE: Content root path: F:\LE-workspace\PMPlatform\01Code\0101NET\PM.CloudPlatform.ForkliftManager\src\PM.CloudPlatform.ForkliftManager.Apis
 2021-05-06 18:11:15,312  INFO Microsoft.Hosting.Lifetime.MoveNext [0] - MESSAGE: Now listening on: http://[::]:10808
 2021-05-06 18:11:15,360  INFO Microsoft.Hosting.Lifetime.OnApplicationStarted [0] - MESSAGE: Application started. Press Ctrl+C to shut down.
 2021-05-06 18:11:15,362  INFO Microsoft.Hosting.Lifetime.OnApplicationStarted [0] - MESSAGE: Hosting environment: Development
 2021-05-06 18:11:15,363  INFO Microsoft.Hosting.Lifetime.OnApplicationStarted [0] - MESSAGE: Content root path: F:\LE-workspace\PMPlatform\01Code\0101NET\PM.CloudPlatform.ForkliftManager\src\PM.CloudPlatform.ForkliftManager.Apis
 